Performing C SOURCE FILE Test CMAKE_HAVE_LIBC_PTHREAD failed with the following output:
Change Dir: /home/davide/CLionProjects/MaxSubGraph_CUDA_C/build/CMakeFiles/CMakeTmp

Run Build Command(s):/usr/bin/gmake -f Makefile cmTC_196ca/fast && /usr/bin/gmake  -f CMakeFiles/cmTC_196ca.dir/build.make CMakeFiles/cmTC_196ca.dir/build
gmake[1]: Entering directory '/home/davide/CLionProjects/MaxSubGraph_CUDA_C/build/CMakeFiles/CMakeTmp'
Building C object CMakeFiles/cmTC_196ca.dir/src.c.o
/home/davide/miniconda3/bin/x86_64-conda-linux-gnu-cc -DCMAKE_HAVE_LIBC_PTHREAD  -march=nocona -mtune=haswell -ftree-vectorize -fPIC -fstack-protector-strong -fno-plt -O2 -ffunction-sections -pipe -isystem /home/davide/miniconda3/include  -o CMakeFiles/cmTC_196ca.dir/src.c.o -c /home/davide/CLionProjects/MaxSubGraph_CUDA_C/build/CMakeFiles/CMakeTmp/src.c
Linking C executable cmTC_196ca
/usr/bin/cmake -E cmake_link_script CMakeFiles/cmTC_196ca.dir/link.txt --verbose=1
/home/davide/miniconda3/bin/x86_64-conda-linux-gnu-cc -march=nocona -mtune=haswell -ftree-vectorize -fPIC -fstack-protector-strong -fno-plt -O2 -ffunction-sections -pipe -isystem /home/davide/miniconda3/include  -Wl,-O2 -Wl,--sort-common -Wl,--as-needed -Wl,-z,relro -Wl,-z,now -Wl,--disable-new-dtags -Wl,--gc-sections -Wl,-rpath,/home/davide/miniconda3/lib -Wl,-rpath-link,/home/davide/miniconda3/lib -L/home/davide/miniconda3/lib  CMakeFiles/cmTC_196ca.dir/src.c.o -o cmTC_196ca 
/home/davide/miniconda3/bin/../lib/gcc/x86_64-conda-linux-gnu/11.2.0/../../../../x86_64-conda-linux-gnu/bin/ld: CMakeFiles/cmTC_196ca.dir/src.c.o: in function `main':
src.c:(.text.startup.main+0x24): undefined reference to `pthread_create'
/home/davide/miniconda3/bin/../lib/gcc/x86_64-conda-linux-gnu/11.2.0/../../../../x86_64-conda-linux-gnu/bin/ld: src.c:(.text.startup.main+0x2e): undefined reference to `pthread_detach'
/home/davide/miniconda3/bin/../lib/gcc/x86_64-conda-linux-gnu/11.2.0/../../../../x86_64-conda-linux-gnu/bin/ld: src.c:(.text.startup.main+0x38): undefined reference to `pthread_cancel'
/home/davide/miniconda3/bin/../lib/gcc/x86_64-conda-linux-gnu/11.2.0/../../../../x86_64-conda-linux-gnu/bin/ld: src.c:(.text.startup.main+0x44): undefined reference to `pthread_join'
/home/davide/miniconda3/bin/../lib/gcc/x86_64-conda-linux-gnu/11.2.0/../../../../x86_64-conda-linux-gnu/bin/ld: src.c:(.text.startup.main+0x50): undefined reference to `pthread_atfork'
collect2: error: ld returned 1 exit status
gmake[1]: *** [CMakeFiles/cmTC_196ca.dir/build.make:99: cmTC_196ca] Error 1
gmake[1]: Leaving directory '/home/davide/CLionProjects/MaxSubGraph_CUDA_C/build/CMakeFiles/CMakeTmp'
gmake: *** [Makefile:127: cmTC_196ca/fast] Error 2


Source file was:
#include <pthread.h>

static void* test_func(void* data)
{
  return data;
}

int main(void)
{
  pthread_t thread;
  pthread_create(&thread, NULL, test_func, NULL);
  pthread_detach(thread);
  pthread_cancel(thread);
  pthread_join(thread, NULL);
  pthread_atfork(NULL, NULL, NULL);
  pthread_exit(NULL);

  return 0;
}

Determining if the function pthread_create exists in the pthreads failed with the following output:
Change Dir: /home/davide/CLionProjects/MaxSubGraph_CUDA_C/build/CMakeFiles/CMakeTmp

Run Build Command(s):/usr/bin/gmake -f Makefile cmTC_d5fa0/fast && /usr/bin/gmake  -f CMakeFiles/cmTC_d5fa0.dir/build.make CMakeFiles/cmTC_d5fa0.dir/build
gmake[1]: Entering directory '/home/davide/CLionProjects/MaxSubGraph_CUDA_C/build/CMakeFiles/CMakeTmp'
Building C object CMakeFiles/cmTC_d5fa0.dir/CheckFunctionExists.c.o
/home/davide/miniconda3/bin/x86_64-conda-linux-gnu-cc   -march=nocona -mtune=haswell -ftree-vectorize -fPIC -fstack-protector-strong -fno-plt -O2 -ffunction-sections -pipe -isystem /home/davide/miniconda3/include -DCHECK_FUNCTION_EXISTS=pthread_create -o CMakeFiles/cmTC_d5fa0.dir/CheckFunctionExists.c.o -c /usr/share/cmake-3.22/Modules/CheckFunctionExists.c
Linking C executable cmTC_d5fa0
/usr/bin/cmake -E cmake_link_script CMakeFiles/cmTC_d5fa0.dir/link.txt --verbose=1
/home/davide/miniconda3/bin/x86_64-conda-linux-gnu-cc -march=nocona -mtune=haswell -ftree-vectorize -fPIC -fstack-protector-strong -fno-plt -O2 -ffunction-sections -pipe -isystem /home/davide/miniconda3/include -DCHECK_FUNCTION_EXISTS=pthread_create -Wl,-O2 -Wl,--sort-common -Wl,--as-needed -Wl,-z,relro -Wl,-z,now -Wl,--disable-new-dtags -Wl,--gc-sections -Wl,-rpath,/home/davide/miniconda3/lib -Wl,-rpath-link,/home/davide/miniconda3/lib -L/home/davide/miniconda3/lib  CMakeFiles/cmTC_d5fa0.dir/CheckFunctionExists.c.o -o cmTC_d5fa0  -lpthreads 
/home/davide/miniconda3/bin/../lib/gcc/x86_64-conda-linux-gnu/11.2.0/../../../../x86_64-conda-linux-gnu/bin/ld: cannot find -lpthreads: No such file or directory
collect2: error: ld returned 1 exit status
gmake[1]: *** [CMakeFiles/cmTC_d5fa0.dir/build.make:99: cmTC_d5fa0] Error 1
gmake[1]: Leaving directory '/home/davide/CLionProjects/MaxSubGraph_CUDA_C/build/CMakeFiles/CMakeTmp'
gmake: *** [Makefile:127: cmTC_d5fa0/fast] Error 2



Performing C SOURCE FILE Test CMAKE_HAVE_LIBC_PTHREAD failed with the following output:
Change Dir: /home/davide/CLionProjects/MaxSubGraph_CUDA_C/build/CMakeFiles/CMakeTmp

Run Build Command(s):/usr/bin/gmake -f Makefile cmTC_19a5c/fast && /usr/bin/gmake  -f CMakeFiles/cmTC_19a5c.dir/build.make CMakeFiles/cmTC_19a5c.dir/build
gmake[1]: Entering directory '/home/davide/CLionProjects/MaxSubGraph_CUDA_C/build/CMakeFiles/CMakeTmp'
Building C object CMakeFiles/cmTC_19a5c.dir/src.c.o
/home/davide/miniconda3/bin/x86_64-conda-linux-gnu-cc -DCMAKE_HAVE_LIBC_PTHREAD  -march=nocona -mtune=haswell -ftree-vectorize -fPIC -fstack-protector-strong -fno-plt -O2 -ffunction-sections -pipe -isystem /home/davide/miniconda3/include  -o CMakeFiles/cmTC_19a5c.dir/src.c.o -c /home/davide/CLionProjects/MaxSubGraph_CUDA_C/build/CMakeFiles/CMakeTmp/src.c
Linking C executable cmTC_19a5c
/usr/bin/cmake -E cmake_link_script CMakeFiles/cmTC_19a5c.dir/link.txt --verbose=1
/home/davide/miniconda3/bin/x86_64-conda-linux-gnu-cc -march=nocona -mtune=haswell -ftree-vectorize -fPIC -fstack-protector-strong -fno-plt -O2 -ffunction-sections -pipe -isystem /home/davide/miniconda3/include  -Wl,-O2 -Wl,--sort-common -Wl,--as-needed -Wl,-z,relro -Wl,-z,now -Wl,--disable-new-dtags -Wl,--gc-sections -Wl,-rpath,/home/davide/miniconda3/lib -Wl,-rpath-link,/home/davide/miniconda3/lib -L/home/davide/miniconda3/lib  CMakeFiles/cmTC_19a5c.dir/src.c.o -o cmTC_19a5c 
/home/davide/miniconda3/bin/../lib/gcc/x86_64-conda-linux-gnu/11.2.0/../../../../x86_64-conda-linux-gnu/bin/ld: CMakeFiles/cmTC_19a5c.dir/src.c.o: in function `main':
src.c:(.text.startup.main+0x24): undefined reference to `pthread_create'
/home/davide/miniconda3/bin/../lib/gcc/x86_64-conda-linux-gnu/11.2.0/../../../../x86_64-conda-linux-gnu/bin/ld: src.c:(.text.startup.main+0x2e): undefined reference to `pthread_detach'
/home/davide/miniconda3/bin/../lib/gcc/x86_64-conda-linux-gnu/11.2.0/../../../../x86_64-conda-linux-gnu/bin/ld: src.c:(.text.startup.main+0x38): undefined reference to `pthread_cancel'
/home/davide/miniconda3/bin/../lib/gcc/x86_64-conda-linux-gnu/11.2.0/../../../../x86_64-conda-linux-gnu/bin/ld: src.c:(.text.startup.main+0x44): undefined reference to `pthread_join'
/home/davide/miniconda3/bin/../lib/gcc/x86_64-conda-linux-gnu/11.2.0/../../../../x86_64-conda-linux-gnu/bin/ld: src.c:(.text.startup.main+0x50): undefined reference to `pthread_atfork'
collect2: error: ld returned 1 exit status
gmake[1]: *** [CMakeFiles/cmTC_19a5c.dir/build.make:99: cmTC_19a5c] Error 1
gmake[1]: Leaving directory '/home/davide/CLionProjects/MaxSubGraph_CUDA_C/build/CMakeFiles/CMakeTmp'
gmake: *** [Makefile:127: cmTC_19a5c/fast] Error 2


Source file was:
#include <pthread.h>

static void* test_func(void* data)
{
  return data;
}

int main(void)
{
  pthread_t thread;
  pthread_create(&thread, NULL, test_func, NULL);
  pthread_detach(thread);
  pthread_cancel(thread);
  pthread_join(thread, NULL);
  pthread_atfork(NULL, NULL, NULL);
  pthread_exit(NULL);

  return 0;
}

Determining if the function pthread_create exists in the pthreads failed with the following output:
Change Dir: /home/davide/CLionProjects/MaxSubGraph_CUDA_C/build/CMakeFiles/CMakeTmp

Run Build Command(s):/usr/bin/gmake -f Makefile cmTC_c6f04/fast && /usr/bin/gmake  -f CMakeFiles/cmTC_c6f04.dir/build.make CMakeFiles/cmTC_c6f04.dir/build
gmake[1]: Entering directory '/home/davide/CLionProjects/MaxSubGraph_CUDA_C/build/CMakeFiles/CMakeTmp'
Building C object CMakeFiles/cmTC_c6f04.dir/CheckFunctionExists.c.o
/home/davide/miniconda3/bin/x86_64-conda-linux-gnu-cc   -march=nocona -mtune=haswell -ftree-vectorize -fPIC -fstack-protector-strong -fno-plt -O2 -ffunction-sections -pipe -isystem /home/davide/miniconda3/include -DCHECK_FUNCTION_EXISTS=pthread_create -o CMakeFiles/cmTC_c6f04.dir/CheckFunctionExists.c.o -c /usr/share/cmake-3.22/Modules/CheckFunctionExists.c
Linking C executable cmTC_c6f04
/usr/bin/cmake -E cmake_link_script CMakeFiles/cmTC_c6f04.dir/link.txt --verbose=1
/home/davide/miniconda3/bin/x86_64-conda-linux-gnu-cc -march=nocona -mtune=haswell -ftree-vectorize -fPIC -fstack-protector-strong -fno-plt -O2 -ffunction-sections -pipe -isystem /home/davide/miniconda3/include -DCHECK_FUNCTION_EXISTS=pthread_create -Wl,-O2 -Wl,--sort-common -Wl,--as-needed -Wl,-z,relro -Wl,-z,now -Wl,--disable-new-dtags -Wl,--gc-sections -Wl,-rpath,/home/davide/miniconda3/lib -Wl,-rpath-link,/home/davide/miniconda3/lib -L/home/davide/miniconda3/lib  CMakeFiles/cmTC_c6f04.dir/CheckFunctionExists.c.o -o cmTC_c6f04  -lpthreads 
/home/davide/miniconda3/bin/../lib/gcc/x86_64-conda-linux-gnu/11.2.0/../../../../x86_64-conda-linux-gnu/bin/ld: cannot find -lpthreads: No such file or directory
collect2: error: ld returned 1 exit status
gmake[1]: *** [CMakeFiles/cmTC_c6f04.dir/build.make:99: cmTC_c6f04] Error 1
gmake[1]: Leaving directory '/home/davide/CLionProjects/MaxSubGraph_CUDA_C/build/CMakeFiles/CMakeTmp'
gmake: *** [Makefile:127: cmTC_c6f04/fast] Error 2



